2024-Jul-13 19:12:16 Наличие необходимых модулей php (check_php_modules): Ok
Все необходимые модули установлены
2024-Jul-13 19:12:16 Обязательные параметры PHP (check_php_settings): Ok
Настройки правильные
2024-Jul-13 19:12:16 Модули веб-сервера (check_security): Ok
Конфликтов не выявлено
2024-Jul-13 19:12:16 Значения переменных сервера (check_server_vars): Ok
Корректные
2024-Jul-13 19:12:16 Сохранение сессии (check_session): Ok
50% done
2024-Jul-13 19:12:16 Сохранение сессии (check_session): Ok
Успешно
2024-Jul-13 19:12:16 Параметры настройки UTF (mbstring и константа BX_UTF) (check_mbstring): Ok
Правильные. Сайт работает в UTF кодировке
2024-Jul-13 19:12:17 Служебные скрипты в корне сайта (check_install_scripts): Ok
Отсутствуют
2024-Jul-13 19:12:18 Работа с сокетами (check_socket): Ok
Connection to ssl://kamin-sklad.ru:443	Success

Успешно
2024-Jul-13 19:12:18 Выполнение агентов на cron (check_bx_crontab): Ok
Успешно
2024-Jul-13 19:12:18 Параметры подключения к базе данных (check_dbconn_settings): Ok
Успешно
2024-Jul-13 19:12:19 Лишний вывод в файлах конфигурации (check_dbconn): Ok
Connection to ssl://kamin-sklad.ru:443	Success

Успешно
2024-Jul-13 19:12:19 Сохранение сессии без UserAgent (check_session_ua): Ok
50% done
Connection to ssl://kamin-sklad.ru:443	Success

2024-Jul-13 19:12:19 Сохранение сессии без UserAgent (check_session_ua): Ok
Connection to ssl://kamin-sklad.ru:443	Success

Успешно
2024-Jul-13 19:12:19 Настройки сайтов (check_sites): Ok
Правильные
2024-Jul-13 19:12:19 Передача объектов по ссылке (check_clone): Ok
Успешно
2024-Jul-13 19:12:19 Размер стека и pcre.recursion_limit (check_pcre_recursion): Ok
Connection to ssl://kamin-sklad.ru:443	Success

Успешно
2024-Jul-13 19:12:21 Загрузка файла (check_upload): Ok
Connection to ssl://kamin-sklad.ru:443	Success

Успешно
2024-Jul-13 19:12:21 Загрузка файла больше 4Мб (check_upload_big): Ok
Connection to ssl://kamin-sklad.ru:443	Success

Успешно
2024-Jul-13 19:12:21 Загрузка файла через php://input (check_upload_raw): Ok
Connection to ssl://kamin-sklad.ru:443	Success

Успешно
2024-Jul-13 19:12:21 Передача POST запроса с большим числом параметров (check_post): Ok
Connection to ssl://kamin-sklad.ru:443	Success

Успешно
2024-Jul-13 19:12:22 Отправка почты (check_mail): Ok
Успешно
2024-Jul-13 19:12:22 Отправка почтового сообщения больше 64Кб (check_mail_big): Ok
Успешно
2024-Jul-13 19:12:22 Проверка на наличие неотправленных сообщений (check_mail_b_event): Ok
Успешно
2024-Jul-13 19:12:22 Внутреннее перенаправление (функция LocalRedirect) (check_localredirect): Ok
50% done
Connection to ssl://kamin-sklad.ru:443	Success

2024-Jul-13 19:12:23 Внутреннее перенаправление (функция LocalRedirect) (check_localredirect): Ok
Connection to ssl://kamin-sklad.ru:443	Success

Успешно
2024-Jul-13 19:12:23 Фактическое ограничение памяти (check_memory_limit): Ok
20% done
Connection to ssl://kamin-sklad.ru:443	Success

2024-Jul-13 19:12:23 Фактическое ограничение памяти (check_memory_limit): Ok
40% done
Connection to ssl://kamin-sklad.ru:443	Success

2024-Jul-13 19:12:23 Фактическое ограничение памяти (check_memory_limit): Ok
60% done
Connection to ssl://kamin-sklad.ru:443	Success

2024-Jul-13 19:12:23 Фактическое ограничение памяти (check_memory_limit): Ok
80% done
Connection to ssl://kamin-sklad.ru:443	Success

2024-Jul-13 19:12:24 Фактическое ограничение памяти (check_memory_limit): Ok
Connection to ssl://kamin-sklad.ru:443	Success

Не менее 256 М
2024-Jul-13 19:12:24 Работа с файлами кеша (check_cache): Ok
Успешно
2024-Jul-13 19:12:24 Доступ к серверу обновлений (check_update): Ok
Успешно
2024-Jul-13 19:12:24 HTTP авторизация (check_http_auth): Ok
Connection to ssl://kamin-sklad.ru:443	Success

Успешно
2024-Jul-13 19:12:24 Создание и запуск файла (check_exec): Ok
Connection to ssl://kamin-sklad.ru:443	Success

Успешно
2024-Jul-13 19:12:25 Функция getimagesize для swf (check_getimagesize): Ok
Успешно
2024-Jul-13 19:12:25 Версия MySQL-сервера (check_mysql_bug_version): Ok
Успешно
2024-Jul-13 19:12:26 Время на БД и веб-сервере (check_mysql_time): Ok
Успешно
2024-Jul-13 19:12:26 Режим работы MySQL (check_mysql_mode): Ok
Успешно
2024-Jul-13 19:12:26 Кодировка соединения (check_mysql_connection_charset): Ok
character_set_connection=utf8, collation_connection=utf8_unicode_ci, character_set_results=utf8
Успешно
2024-Jul-13 19:12:26 Кодировка базы данных (check_mysql_db_charset): Ok
CHARSET=utf8, COLLATION=utf8_unicode_ci
Успешно
2024-Jul-13 19:12:27 Кодировки таблиц в БД (check_mysql_table_charset): Ok
Успешно
2024-Jul-13 19:12:27 Структура базы данных (check_mysql_table_structure): Ok
0% done
2024-Jul-13 19:12:28 Структура базы данных (check_mysql_table_structure): Ok
1% done
2024-Jul-13 19:12:29 Структура базы данных (check_mysql_table_structure): Ok
3% done
2024-Jul-13 19:12:29 Структура базы данных (check_mysql_table_structure): Ok
5% done
2024-Jul-13 19:12:30 Структура базы данных (check_mysql_table_structure): Ok
7% done
2024-Jul-13 19:12:30 Структура базы данных (check_mysql_table_structure): Ok
9% done
2024-Jul-13 19:12:31 Структура базы данных (check_mysql_table_structure): Ok
11% done
2024-Jul-13 19:12:31 Структура базы данных (check_mysql_table_structure): Ok
13% done
2024-Jul-13 19:12:31 Структура базы данных (check_mysql_table_structure): Ok
15% done
2024-Jul-13 19:12:32 Структура базы данных (check_mysql_table_structure): Ok
16% done
2024-Jul-13 19:12:32 Структура базы данных (check_mysql_table_structure): Ok
18% done
2024-Jul-13 19:12:32 Структура базы данных (check_mysql_table_structure): Ok
20% done
2024-Jul-13 19:12:33 Структура базы данных (check_mysql_table_structure): Ok
22% done
2024-Jul-13 19:12:33 Структура базы данных (check_mysql_table_structure): Ok
24% done
2024-Jul-13 19:12:33 Структура базы данных (check_mysql_table_structure): Ok
26% done
2024-Jul-13 19:12:34 Структура базы данных (check_mysql_table_structure): Ok
28% done
2024-Jul-13 19:12:34 Структура базы данных (check_mysql_table_structure): Ok
30% done
2024-Jul-13 19:12:34 Структура базы данных (check_mysql_table_structure): Ok
32% done
2024-Jul-13 19:12:35 Структура базы данных (check_mysql_table_structure): Ok
33% done
2024-Jul-13 19:12:35 Структура базы данных (check_mysql_table_structure): Ok
35% done
2024-Jul-13 19:12:35 Структура базы данных (check_mysql_table_structure): Ok
37% done
В таблице b_location поле TIMESTAMP_X "`TIMESTAMP_X` datetime NOT NULL" не соответствует описанию на диске "`TIMESTAMP_X` timestamp NOT NULL DEFAULT CURRENT_TIMESTAMP on update CURRENT_TIMESTAMP"

2024-Jul-13 19:12:36 Структура базы данных (check_mysql_table_structure): Ok
39% done
2024-Jul-13 19:12:37 Структура базы данных (check_mysql_table_structure): Ok
41% done
2024-Jul-13 19:12:37 Структура базы данных (check_mysql_table_structure): Ok
43% done
2024-Jul-13 19:12:38 Структура базы данных (check_mysql_table_structure): Ok
45% done
2024-Jul-13 19:12:38 Структура базы данных (check_mysql_table_structure): Ok
47% done
2024-Jul-13 19:12:38 Структура базы данных (check_mysql_table_structure): Ok
49% done
2024-Jul-13 19:12:38 Структура базы данных (check_mysql_table_structure): Ok
50% done
2024-Jul-13 19:12:38 Структура базы данных (check_mysql_table_structure): Ok
52% done
2024-Jul-13 19:12:39 Структура базы данных (check_mysql_table_structure): Ok
54% done
2024-Jul-13 19:12:39 Структура базы данных (check_mysql_table_structure): Ok
56% done
2024-Jul-13 19:12:40 Структура базы данных (check_mysql_table_structure): Ok
58% done
2024-Jul-13 19:12:42 Структура базы данных (check_mysql_table_structure): Ok
60% done
2024-Jul-13 19:12:42 Структура базы данных (check_mysql_table_structure): Ok
62% done
2024-Jul-13 19:12:42 Структура базы данных (check_mysql_table_structure): Ok
64% done
2024-Jul-13 19:12:42 Структура базы данных (check_mysql_table_structure): Ok
66% done
2024-Jul-13 19:12:43 Структура базы данных (check_mysql_table_structure): Ok
67% done
2024-Jul-13 19:12:43 Структура базы данных (check_mysql_table_structure): Ok
69% done
2024-Jul-13 19:12:43 Структура базы данных (check_mysql_table_structure): Ok
71% done
2024-Jul-13 19:12:43 Структура базы данных (check_mysql_table_structure): Ok
73% done
2024-Jul-13 19:12:43 Структура базы данных (check_mysql_table_structure): Ok
75% done
2024-Jul-13 19:12:43 Структура базы данных (check_mysql_table_structure): Ok
77% done
2024-Jul-13 19:12:44 Структура базы данных (check_mysql_table_structure): Ok
79% done
2024-Jul-13 19:12:44 Структура базы данных (check_mysql_table_structure): Ok
81% done
2024-Jul-13 19:12:44 Структура базы данных (check_mysql_table_structure): Ok
83% done
2024-Jul-13 19:12:44 Структура базы данных (check_mysql_table_structure): Ok
84% done
2024-Jul-13 19:12:44 Структура базы данных (check_mysql_table_structure): Ok
86% done
2024-Jul-13 19:12:44 Структура базы данных (check_mysql_table_structure): Ok
88% done
2024-Jul-13 19:12:45 Структура базы данных (check_mysql_table_structure): Ok
90% done
2024-Jul-13 19:12:45 Структура базы данных (check_mysql_table_structure): Ok
92% done
2024-Jul-13 19:12:45 Структура базы данных (check_mysql_table_structure): Ok
94% done
В таблице b_clouds_file_hash поле FILE_PATH "`FILE_PATH` varchar(760) NOT NULL" не соответствует описанию на диске "`FILE_PATH` varchar(600) NOT NULL"
В таблице b_clouds_file_hash отсутствует индекс PRIMARY (bucket_id,file_path(100))

2024-Jul-13 19:12:46 Структура базы данных (check_mysql_table_structure): Ok
96% done
2024-Jul-13 19:12:46 Структура базы данных (check_mysql_table_structure): Ok
98% done
2024-Jul-13 19:12:46 Структура базы данных (check_mysql_table_structure): Fail
ALTER TABLE `b_location` CHANGE `TIMESTAMP_X` `TIMESTAMP_X` timestamp NOT NULL DEFAULT CURRENT_TIMESTAMP on update CURRENT_TIMESTAMP;
ALTER TABLE `b_clouds_file_hash` CHANGE `FILE_PATH` `FILE_PATH` varchar(600) NOT NULL;
Ошибка! Структура базы данных имеет ошибки. Всего 3, автоматически могут быть исправлены: 0.
